<?xml version="1.0" encoding="UTF-8"?>
<!-- Generated by org.testng.reporters.JUnitReportReporter -->
<testsuite hostname="DESKTOP-DCFEU1H" failures="0" tests="1" name="testCases.TC1Practice" time="0.761" errors="0" timestamp="2023-05-29T20:25:55 IST" skipped="0">
  <testcase classname="testCases.TC1Practice" name="test_account_Registration" time="0.761"/>
  <system-out/>
</testsuite> <!-- testCases.TC1Practice -->
